[2014-01-28 23:09:20.590] [INFO] Microscopejs - Index Controller - Show Index Page
[2014-01-28 23:09:22.950] [INFO] Microscopejs - Article Controller - Show All
[2014-01-28 23:09:48.796] [INFO] Microscopejs - Index Controller - Show Index Page
[2014-01-28 23:10:03.165] [INFO] Microscopejs - Article Controller - Show All
[2014-01-28 23:11:05.586] [INFO] Microscopejs - Index Controller - Show Index Page
[2014-01-28 23:11:14.814] [INFO] Microscopejs - Index Controller - Show Index Page
[2014-01-28 23:11:18.559] [INFO] Microscopejs - Index Controller - Show Index Page
[2014-01-28 23:12:11.819] [INFO] Microscopejs - Index Controller - Show Index Page
[2014-01-28 23:12:25.077] [INFO] Microscopejs - Article Controller - Connected Show All
[2014-01-28 23:12:26.950] [INFO] Microscopejs - Article Controller - Connected Show All
[2014-01-28 23:15:51.769] [INFO] Microscopejs - Article Controller - Show All
[2014-01-28 23:15:55.496] [INFO] Microscopejs - Index Controller - Show Index Page
[2014-01-28 23:15:57.744] [INFO] Microscopejs - Article Controller - Connected Show All
[2014-01-28 23:16:52.042] [INFO] Microscopejs - Index Controller - Show Index Page
[2014-01-28 23:17:23.962] [INFO] Microscopejs - Index Controller - Show Index Page
[2014-01-28 23:17:27.214] [INFO] Microscopejs - Article Controller - Show All
[2014-01-28 23:17:32.681] [INFO] Microscopejs - Article Controller - Show All
[2014-01-28 23:18:22.226] [INFO] Microscopejs - Article Controller - Show All
[2014-01-28 23:18:25.353] [INFO] Microscopejs - Article Controller - Show All
[2014-01-28 23:18:26.273] [INFO] Microscopejs - Index Controller - Show Index Page
[2014-01-28 23:18:27.979] [INFO] Microscopejs - Article Controller - Show All
[2014-01-28 23:18:35.347] [INFO] Microscopejs - Article Controller - Show All
[2014-01-28 23:18:40.363] [INFO] Microscopejs - Index Controller - Show Index Page
[2014-01-28 23:18:47.546] [INFO] Microscopejs - Article Controller - Connected Show All
[2014-01-28 23:18:53.752] [INFO] Microscopejs - Article Controller - Connected Show All
[2014-01-28 23:19:00.822] [INFO] Microscopejs - Article Controller - Connected Show All
[2014-01-28 23:20:51.630] [INFO] Microscopejs - Index Controller - Show Index Page
[2014-01-28 23:21:19.146] [INFO] Microscopejs - Article Controller - Connected Show All
[2014-01-28 23:21:44.794] [INFO] Microscopejs - Article Controller - Connected Show All
[2014-01-28 23:21:46.682] [INFO] Microscopejs - Index Controller - Show Index Page
[2014-01-28 23:21:48.323] [INFO] Microscopejs - Article Controller - Connected Show All
[2014-01-29 20:40:30.301] [INFO] Microscopejs - Index Controller - Show Index Page
[2014-01-29 20:40:36.147] [INFO] Microscopejs - Index Controller - Show Index Page
[2014-01-29 20:40:39.653] [INFO] Microscopejs - Article Controller - Show All
[2014-01-29 20:40:41.249] [INFO] Microscopejs - Index Controller - Show Index Page
[2014-01-29 20:40:46.428] [INFO] Microscopejs - Index Controller - Show Index Page
[2014-01-29 20:40:48.430] [INFO] Microscopejs - Index Controller - Show Index Page
[2014-01-29 20:42:00.240] [INFO] Microscopejs - Index Controller - Show Index Page
[2014-01-29 20:43:03.197] [INFO] Microscopejs - Index Controller - Show Index Page
[2014-01-29 20:43:05.624] [INFO] Microscopejs - Index Controller - Show Index Page
[2014-01-29 20:44:28.545] [INFO] Microscopejs - Index Controller - Show Index Page
[2014-01-29 20:48:42.211] [INFO] Microscopejs - Index Controller - Show Index Page
[2014-01-29 20:48:44.095] [INFO] Microscopejs - Index Controller - Show Index Page
[2014-01-29 20:50:20.348] [INFO] Microscopejs - Index Controller - Show Index Page
[2014-01-29 20:50:21.262] [INFO] Microscopejs - Index Controller - Show Index Page
[2014-01-29 20:51:14.356] [INFO] Microscopejs - Index Controller - Show Index Page
[2014-01-29 20:51:25.796] [INFO] Microscopejs - Index Controller - Show Index Page
[2014-01-29 20:51:55.049] [INFO] Microscopejs - Index Controller - Show Index Page
[2014-01-29 20:59:14.975] [INFO] Microscopejs - Index Controller - Show Index Page
[2014-01-29 20:59:16.754] [INFO] Microscopejs - Index Controller - Show Index Page
[2014-01-29 20:59:17.275] [INFO] Microscopejs - Index Controller - Show Index Page
[2014-01-29 20:59:17.488] [INFO] Microscopejs - Index Controller - Show Index Page
[2014-01-29 20:59:17.710] [INFO] Microscopejs - Index Controller - Show Index Page
[2014-01-29 20:59:17.873] [INFO] Microscopejs - Index Controller - Show Index Page
[2014-01-29 20:59:17.980] [INFO] Microscopejs - Index Controller - Show Index Page
[2014-01-29 20:59:18.200] [INFO] Microscopejs - Index Controller - Show Index Page
[2014-01-29 20:59:18.298] [INFO] Microscopejs - Index Controller - Show Index Page
[2014-01-29 20:59:18.561] [INFO] Microscopejs - Index Controller - Show Index Page
[2014-01-29 20:59:18.651] [INFO] Microscopejs - Index Controller - Show Index Page
[2014-01-29 20:59:37.520] [INFO] Microscopejs - Index Controller - Show Index Page
[2014-01-29 20:59:53.708] [INFO] Microscopejs - Index Controller - Show Index Page
[2014-01-29 20:59:55.905] [INFO] Microscopejs - Index Controller - Show Index Page
[2014-01-29 20:59:56.537] [INFO] Microscopejs - Index Controller - Show Index Page
[2014-01-29 20:59:56.968] [INFO] Microscopejs - Index Controller - Show Index Page
[2014-01-29 20:59:57.305] [INFO] Microscopejs - Index Controller - Show Index Page
[2014-01-29 20:59:57.849] [INFO] Microscopejs - Index Controller - Show Index Page
[2014-01-29 20:59:58.553] [INFO] Microscopejs - Index Controller - Show Index Page
[2014-01-29 20:59:58.795] [INFO] Microscopejs - Index Controller - Show Index Page
[2014-01-29 20:59:59.201] [INFO] Microscopejs - Index Controller - Show Index Page
[2014-01-29 20:59:59.393] [INFO] Microscopejs - Index Controller - Show Index Page
[2014-01-29 20:59:59.581] [INFO] Microscopejs - Index Controller - Show Index Page
[2014-01-29 20:59:59.841] [INFO] Microscopejs - Index Controller - Show Index Page
[2014-01-29 21:00:00.514] [INFO] Microscopejs - Index Controller - Show Index Page
[2014-01-29 21:00:00.809] [INFO] Microscopejs - Index Controller - Show Index Page
[2014-01-29 21:00:01.185] [INFO] Microscopejs - Index Controller - Show Index Page
[2014-01-29 21:00:01.368] [INFO] Microscopejs - Index Controller - Show Index Page
[2014-01-29 21:00:01.548] [INFO] Microscopejs - Index Controller - Show Index Page
[2014-01-29 21:00:01.825] [INFO] Microscopejs - Index Controller - Show Index Page
[2014-01-29 21:01:00.317] [INFO] Microscopejs - Index Controller - Show Index Page
[2014-01-29 21:02:09.103] [INFO] Microscopejs - Index Controller - Show Index Page
[2014-01-29 21:04:39.003] [INFO] Microscopejs - Index Controller - Show Index Page
[2014-01-29 21:07:02.490] [INFO] Microscopejs - Index Controller - Show Index Page
[2014-01-29 21:07:19.492] [INFO] Microscopejs - Index Controller - Show Index Page
[2014-01-29 21:08:00.966] [INFO] Microscopejs - Index Controller - Show Index Page
[2014-01-29 21:08:10.774] [INFO] Microscopejs - Index Controller - Show Index Page
[2014-01-29 21:57:14.081] [INFO] Microscopejs - Index Controller - Show Index Page
[2014-01-29 21:57:16.111] [INFO] Microscopejs - Index Controller - Show Server Page
[2014-01-29 21:58:25.456] [INFO] Microscopejs - Index Controller - Show Server Page
[2014-01-29 21:58:27.976] [INFO] Microscopejs - Index Controller - Show Server Page
[2014-01-29 21:58:28.769] [INFO] Microscopejs - Index Controller - Show Server Page
[2014-01-29 21:58:40.322] [INFO] Microscopejs - Index Controller - Show Index Page
[2014-01-29 21:58:41.624] [INFO] Microscopejs - Index Controller - Show Server Page
[2014-01-29 22:00:11.247] [INFO] Microscopejs - Index Controller - Show Server Page
[2014-01-29 22:00:27.056] [INFO] Microscopejs - Index Controller - Show Server Page
[2014-01-29 22:00:44.687] [INFO] Microscopejs - Index Controller - Show Server Page
[2014-01-29 22:01:11.882] [INFO] Microscopejs - Article Controller - Show All
[2014-01-29 22:01:16.523] [INFO] Microscopejs - Index Controller - Show Index Page
[2014-01-29 22:01:19.153] [INFO] Microscopejs - Index Controller - Show Mumble
[2014-01-29 22:01:25.869] [INFO] Microscopejs - Index Controller - Show Index Page
[2014-01-29 22:01:44.805] [INFO] Microscopejs - Index Controller - Show Server Page
[2014-01-29 22:01:51.322] [INFO] Microscopejs - Index Controller - Show Index Page
